Using pre-set license
Built from '2020.3/staging' branch; Version is '2020.3.10f1 (297d780c91bc) revision 2719096'; Using compiler version '192528614'; Build Type 'Release'
OS: 'Windows 10 Pro; OS build 19041.985; Version 2004; 64bit' Language: 'es' Physical Memory: 8152 MB
BatchMode: 1, IsHumanControllingUs: 0, StartBugReporterOnCrash: 0, Is64bit: 1, IsPro: 0

 COMMAND LINE ARGUMENTS:
D:\Archivos de programa\2020.3.10f1\Editor\Unity.exe
-adb2
-batchMode
-noUpm
-name
AssetImportWorker0
-projectPath
D:/Developer/Unity/PROJECTX/ProjectX
-logFile
Logs/AssetImportWorker0.log
-srvPort
50742
Successfully changed project path to: D:/Developer/Unity/PROJECTX/ProjectX
D:/Developer/Unity/PROJECTX/ProjectX
Using Asset Import Pipeline V2.
Refreshing native plugins compatible for Editor in 65.50 ms, found 3 plugins.
Preloading 0 native plugins for Editor in 0.00 ms.
Initialize engine version: 2020.3.10f1 (297d780c91bc)
[Subsystems] Discovering subsystems at path D:/Archivos de programa/2020.3.10f1/Editor/Data/Resources/UnitySubsystems
[Subsystems] Discovering subsystems at path D:/Developer/Unity/PROJECTX/ProjectX/Assets
GfxDevice: creating device client; threaded=0
Direct3D:
    Version:  Direct3D 11.0 [level 11.1]
    Renderer: NVIDIA GeForce GTX 1050 Ti (ID=0x1c82)
    Vendor:   
    VRAM:     4018 MB
    Driver:   27.21.14.6589
Initialize mono
Mono path[0] = 'D:/Archivos de programa/2020.3.10f1/Editor/Data/Managed'
Mono path[1] = 'D:/Archivos de programa/2020.3.10f1/Editor/Data/MonoBleedingEdge/lib/mono/unityjit'
Mono config path = 'D:/Archivos de programa/2020.3.10f1/Editor/Data/MonoBleedingEdge/etc'
Using monoOptions --debugger-agent=transport=dt_socket,embedding=1,server=y,suspend=n,address=127.0.0.1:56648
Begin MonoManager ReloadAssembly
Registering precompiled unity dll's ...
Register platform support module: D:/Archivos de programa/2020.3.10f1/Editor/Data/PlaybackEngines/WindowsStandaloneSupport/UnityEditor.WindowsStandalone.Extensions.dll
Registered in 0.002664 seconds.
Native extension for WindowsStandalone target not found
Refreshing native plugins compatible for Editor in 61.98 ms, found 3 plugins.
Preloading 0 native plugins for Editor in 0.00 ms.
Mono: successfully reloaded assembly
- Completed reload, in  7.929 seconds
Platform modules already initialized, skipping
Registering precompiled user dll's ...
Registered in 0.132979 seconds.
